(15:16:03)
Process Terminated
(15:28:34)
Process Terminated
(17:51:22)
Marvy has triggered a block change error
----18/02/2014 17:51:22 ----
Type: OverflowException
Source: Overv
Message: Arithmetic operation resulted in an overflow.
Target: <ExplodeTNT>b__1a
Trace:    at Overv.CTF.<>c__DisplayClass1b.<ExplodeTNT>b__1a(Player pl) in C:\Users\Sam\Documents\GitHub\Overv\mcsharp-source\Overv\Capture The Flag\Game.cs:line 345
   at System.Collections.Generic.List`1.ForEach(Action`1 action)
   at Overv.CTF.ExplodeTNT(Player p, UInt16 x, UInt16 y, UInt16 z, Int32 radius) in C:\Users\Sam\Documents\GitHub\Overv\mcsharp-source\Overv\Capture The Flag\Game.cs:line 322
   at Overv.Player.placeBlock(Byte b, Byte type, UInt16 x, UInt16 y, UInt16 z) in C:\Users\Sam\Documents\GitHub\Overv\mcsharp-source\Overv\Player\Player.cs:line 619
   at Overv.Player.HandleBlockchange(Byte[] message) in C:\Users\Sam\Documents\GitHub\Overv\mcsharp-source\Overv\Player\Player.cs:line 522

-------------------------
(01:45:41)
Process Terminated
(12:37:11)
Process Terminated
(14:23:27)
Process Terminated
(14:29:20)
Process Terminated
(14:38:19)
Process Terminated
(14:39:32)
Process Terminated
(14:44:52)
Process Terminated
(14:49:27)
Process Terminated
(15:55:43)
Process Terminated
(16:29:48)
Process Terminated
(16:39:11)
Process Terminated
