(22:26:15)
Process Terminated
(22:29:08)
Process Terminated
(23:49:20)
Process Terminated
(23:50:30)
Process Terminated
----06/01/2014 23:51:57 ----
Type: ProtocolViolationException
Source: System
Message: Content-Length or Chunked Encoding cannot be set for an operation that does not write data.
Target: CheckProtocol
Trace:    at System.Net.HttpWebRequest.CheckProtocol(Boolean onRequestStream)
   at System.Net.HttpWebRequest.GetResponse()
   at MCSharp.Heartbeat.Pump(Beat type)

-------------------------
----06/01/2014 23:51:57 ----
Type: Exception
Source: MCSharp
Message: Hash not set
Target: Pump
Trace:    at MCSharp.Heartbeat.Pump(Beat type)

-------------------------
(23:52:53)
Process Terminated
(23:55:21)
Process Terminated
(00:01:00)
Process Terminated
(00:04:51)
Process Terminated
(00:05:59)
Process Terminated
----07/01/2014 00:06:47 ----
Type: ProtocolViolationException
Source: System
Message: Content-Length or Chunked Encoding cannot be set for an operation that does not write data.
Target: CheckProtocol
Trace:    at System.Net.HttpWebRequest.CheckProtocol(Boolean onRequestStream)
   at System.Net.HttpWebRequest.GetResponse()
   at MCSharp.Heartbeat.Pump(Beat type)

-------------------------
----07/01/2014 00:06:47 ----
Type: Exception
Source: MCSharp
Message: Hash not set
Target: Pump
Trace:    at MCSharp.Heartbeat.Pump(Beat type)

-------------------------
(00:07:40)
Process Terminated
----07/01/2014 00:08:18 ----
Type: ProtocolViolationException
Source: System
Message: Content-Length or Chunked Encoding cannot be set for an operation that does not write data.
Target: CheckProtocol
Trace:    at System.Net.HttpWebRequest.CheckProtocol(Boolean onRequestStream)
   at System.Net.HttpWebRequest.GetResponse()
   at MCSharp.Heartbeat.Pump(Beat type)

-------------------------
----07/01/2014 00:08:18 ----
Type: Exception
Source: MCSharp
Message: Hash not set
Target: Pump
Trace:    at MCSharp.Heartbeat.Pump(Beat type)

-------------------------
----07/01/2014 00:09:33 ----
Type: WebException
Source: MCSharp
Message: Failed during request.GetRequestStream()
Target: Pump
Trace:    at MCSharp.Heartbeat.Pump(Beat type)

-------------------------
----07/01/2014 00:09:33 ----
Type: Exception
Source: MCSharp
Message: Hash not set
Target: Pump
Trace:    at MCSharp.Heartbeat.Pump(Beat type)

-------------------------
(00:12:48)
Process Terminated
(00:17:07)
Process Terminated
(00:19:18)
Process Terminated
(00:21:54)
Process Terminated
(00:23:46)
Process Terminated
----07/01/2014 00:29:52 ----
Type: ProtocolViolationException
Source: System
Message: Content-Length or Chunked Encoding cannot be set for an operation that does not write data.
Target: CheckProtocol
Trace:    at System.Net.HttpWebRequest.CheckProtocol(Boolean onRequestStream)
   at System.Net.HttpWebRequest.GetResponse()
   at MCSharp.Heartbeat.Pump(Beat type)

-------------------------
----07/01/2014 00:29:52 ----
Type: Exception
Source: MCSharp
Message: Hash not set
Target: Pump
Trace:    at MCSharp.Heartbeat.Pump(Beat type)

-------------------------
----07/01/2014 00:30:23 ----
Type: InvalidOperationException
Source: mscorlib
Message: Collection was modified; enumeration operation may not execute.
Target: ThrowInvalidOperationException
Trace:    at System.ThrowHelper.ThrowInvalidOperationException(ExceptionResource resource)
   at System.Collections.Generic.List`1.Enumerator.MoveNextRare()
   at System.Collections.Generic.List`1.Enumerator.MoveNext()
   at MCSharp.CmdUnload.Use(Player p, String message)
   at MCSharp.Player.HandleCommand(String cmd, String message)
   at MCSharp.Player.HandleChat(Byte[] message)

-------------------------
----07/01/2014 00:30:39 ----
Type: InvalidOperationException
Source: mscorlib
Message: Collection was modified; enumeration operation may not execute.
Target: ThrowInvalidOperationException
Trace:    at System.ThrowHelper.ThrowInvalidOperationException(ExceptionResource resource)
   at System.Collections.Generic.List`1.Enumerator.MoveNextRare()
   at System.Collections.Generic.List`1.Enumerator.MoveNext()
   at MCSharp.CmdUnload.Use(Player p, String message)
   at MCSharp.Player.HandleCommand(String cmd, String message)
   at MCSharp.Player.HandleChat(Byte[] message)

-------------------------
----07/01/2014 00:31:07 ----
Type: WebException
Source: MCSharp
Message: Failed during request.GetRequestStream()
Target: Pump
Trace:    at MCSharp.Heartbeat.Pump(Beat type)

-------------------------
----07/01/2014 00:31:07 ----
Type: Exception
Source: MCSharp
Message: Hash not set
Target: Pump
Trace:    at MCSharp.Heartbeat.Pump(Beat type)

-------------------------
----07/01/2014 00:32:07 ----
Type: ProtocolViolationException
Source: System
Message: Content-Length or Chunked Encoding cannot be set for an operation that does not write data.
Target: CheckProtocol
Trace:    at System.Net.HttpWebRequest.CheckProtocol(Boolean onRequestStream)
   at System.Net.HttpWebRequest.GetResponse()
   at MCSharp.Heartbeat.Pump(Beat type)

-------------------------
----07/01/2014 00:32:07 ----
Type: Exception
Source: MCSharp
Message: Hash not set
Target: Pump
Trace:    at MCSharp.Heartbeat.Pump(Beat type)

-------------------------
----07/01/2014 00:33:22 ----
Type: WebException
Source: MCSharp
Message: Failed during request.GetRequestStream()
Target: Pump
Trace:    at MCSharp.Heartbeat.Pump(Beat type)

-------------------------
----07/01/2014 00:33:23 ----
Type: Exception
Source: MCSharp
Message: Hash not set
Target: Pump
Trace:    at MCSharp.Heartbeat.Pump(Beat type)

-------------------------
----07/01/2014 00:34:38 ----
Type: WebException
Source: MCSharp
Message: Failed during request.GetRequestStream()
Target: Pump
Trace:    at MCSharp.Heartbeat.Pump(Beat type)

-------------------------
----07/01/2014 00:34:38 ----
Type: Exception
Source: MCSharp
Message: Hash not set
Target: Pump
Trace:    at MCSharp.Heartbeat.Pump(Beat type)

-------------------------
----07/01/2014 00:35:53 ----
Type: WebException
Source: MCSharp
Message: Failed during request.GetRequestStream()
Target: Pump
Trace:    at MCSharp.Heartbeat.Pump(Beat type)

-------------------------
----07/01/2014 00:35:53 ----
Type: Exception
Source: MCSharp
Message: Hash not set
Target: Pump
Trace:    at MCSharp.Heartbeat.Pump(Beat type)

-------------------------
----07/01/2014 00:37:08 ----
Type: WebException
Source: MCSharp
Message: Failed during request.GetRequestStream()
Target: Pump
Trace:    at MCSharp.Heartbeat.Pump(Beat type)

-------------------------
----07/01/2014 00:37:08 ----
Type: Exception
Source: MCSharp
Message: Hash not set
Target: Pump
Trace:    at MCSharp.Heartbeat.Pump(Beat type)

-------------------------
----07/01/2014 00:38:23 ----
Type: WebException
Source: MCSharp
Message: Failed during request.GetRequestStream()
Target: Pump
Trace:    at MCSharp.Heartbeat.Pump(Beat type)

-------------------------
----07/01/2014 00:38:23 ----
Type: Exception
Source: MCSharp
Message: Hash not set
Target: Pump
Trace:    at MCSharp.Heartbeat.Pump(Beat type)

-------------------------
----07/01/2014 00:39:38 ----
Type: WebException
Source: MCSharp
Message: Failed during request.GetRequestStream()
Target: Pump
Trace:    at MCSharp.Heartbeat.Pump(Beat type)

-------------------------
----07/01/2014 00:39:38 ----
Type: Exception
Source: MCSharp
Message: Hash not set
Target: Pump
Trace:    at MCSharp.Heartbeat.Pump(Beat type)

-------------------------
----07/01/2014 00:40:53 ----
Type: WebException
Source: MCSharp
Message: Failed during request.GetRequestStream()
Target: Pump
Trace:    at MCSharp.Heartbeat.Pump(Beat type)

-------------------------
----07/01/2014 00:40:53 ----
Type: Exception
Source: MCSharp
Message: Hash not set
Target: Pump
Trace:    at MCSharp.Heartbeat.Pump(Beat type)

-------------------------
(00:41:12)
Process Terminated
(00:57:00)
Process Terminated
(01:03:17)
Process Terminated
(13:19:36)
Process Terminated
(13:19:57)
Process Terminated
(13:41:22)
Process Terminated
----07/01/2014 14:10:06 ----
Type: NullReferenceException
Source: MCSharp
Message: Object reference not set to an instance of an object.
Target: SendMotd
Trace:    at MCSharp.Player.SendMotd()
   at MCSharp.Player.HandleLogin(Byte[] message)

-------------------------
(14:10:31)
Process Terminated
----07/01/2014 14:11:45 ----
Type: NullReferenceException
Source: MCSharp
Message: Object reference not set to an instance of an object.
Target: SendMotd
Trace:    at MCSharp.Player.SendMotd()
   at MCSharp.Player.HandleLogin(Byte[] message)

-------------------------
(14:11:53)
Process Terminated
----07/01/2014 14:13:46 ----
Type: NullReferenceException
Source: MCSharp
Message: Object reference not set to an instance of an object.
Target: SendMotd
Trace:    at MCSharp.Player.SendMotd()
   at MCSharp.Player.HandleLogin(Byte[] message)

-------------------------
----07/01/2014 14:15:03 ----
Type: NullReferenceException
Source: MCSharp
Message: Object reference not set to an instance of an object.
Target: SendMotd
Trace:    at MCSharp.Player.SendMotd()
   at MCSharp.Player.HandleLogin(Byte[] message)

-------------------------
(14:15:08)
Process Terminated
----07/01/2014 14:15:50 ----
Type: NullReferenceException
Source: MCSharp
Message: Object reference not set to an instance of an object.
Target: Use
Trace:    at MCSharp.CmdHelp.Use(Player p, String message)
   at MCSharp.Player.HandleCommand(String cmd, String message)
   at MCSharp.Player.HandleChat(Byte[] message)

-------------------------
(14:19:15)
Process Terminated
----07/01/2014 14:21:17 ----
Type: NullReferenceException
Source: MCSharp
Message: Object reference not set to an instance of an object.
Target: SendMotd
Trace:    at MCSharp.Player.SendMotd()
   at MCSharp.Player.HandleLogin(Byte[] message)

-------------------------
(14:21:21)
Process Terminated
(15:27:59)
Process Terminated
(15:28:28)
Process Terminated
(15:29:27)
Process Terminated
(15:29:44)
Process Terminated
(15:30:48)
Process Terminated
----07/01/2014 15:33:14 ----
Type: ArgumentOutOfRangeException
Source: mscorlib
Message: Index and count must refer to a location within the string.
Parameter name: count
Target: RemoveInternal
Trace:    at System.String.RemoveInternal(Int32 startIndex, Int32 count)
   at System.String.Remove(Int32 startIndex, Int32 count)
   at MCSharp.CmdHelp.Use(Player p, String message)
   at MCSharp.Player.HandleCommand(String cmd, String message)
   at MCSharp.Player.HandleChat(Byte[] message)

-------------------------
----07/01/2014 15:33:38 ----
Type: InvalidOperationException
Source: mscorlib
Message: Collection was modified; enumeration operation may not execute.
Target: ThrowInvalidOperationException
Trace:    at System.ThrowHelper.ThrowInvalidOperationException(ExceptionResource resource)
   at System.Collections.Generic.List`1.Enumerator.MoveNextRare()
   at System.Collections.Generic.List`1.Enumerator.MoveNext()
   at MCSharp.CmdUnload.Use(Player p, String message)
   at MCSharp.Player.HandleCommand(String cmd, String message)
   at MCSharp.Player.HandleChat(Byte[] message)

-------------------------
(15:34:05)
Process Terminated
(15:35:19)
Process Terminated
(15:35:59)
Process Terminated
(15:37:47)
Process Terminated
(15:57:06)
Process Terminated
(15:58:21)
Process Terminated
----07/01/2014 16:01:53 ----
Type: InvalidOperationException
Source: mscorlib
Message: Collection was modified; enumeration operation may not execute.
Target: ThrowInvalidOperationException
Trace:    at System.ThrowHelper.ThrowInvalidOperationException(ExceptionResource resource)
   at System.Collections.Generic.List`1.Enumerator.MoveNextRare()
   at System.Collections.Generic.List`1.Enumerator.MoveNext()
   at MCSharp.CmdUnload.Use(Player p, String message)
   at MCSharp.Player.HandleCommand(String cmd, String message)
   at MCSharp.Player.HandleChat(Byte[] message)

-------------------------
----07/01/2014 16:04:20 ----
Type: InvalidOperationException
Source: mscorlib
Message: Collection was modified; enumeration operation may not execute.
Target: ThrowInvalidOperationException
Trace:    at System.ThrowHelper.ThrowInvalidOperationException(ExceptionResource resource)
   at System.Collections.Generic.List`1.Enumerator.MoveNextRare()
   at System.Collections.Generic.List`1.Enumerator.MoveNext()
   at MCSharp.CmdUnload.Use(Player p, String message)
   at MCSharp.Player.HandleCommand(String cmd, String message)
   at MCSharp.Player.HandleChat(Byte[] message)

-------------------------
----07/01/2014 16:04:42 ----
Type: InvalidOperationException
Source: mscorlib
Message: Collection was modified; enumeration operation may not execute.
Target: ThrowInvalidOperationException
Trace:    at System.ThrowHelper.ThrowInvalidOperationException(ExceptionResource resource)
   at System.Collections.Generic.List`1.Enumerator.MoveNextRare()
   at System.Collections.Generic.List`1.Enumerator.MoveNext()
   at MCSharp.CmdUnload.Use(Player p, String message)
   at MCSharp.Player.HandleCommand(String cmd, String message)
   at MCSharp.Player.HandleChat(Byte[] message)

-------------------------
(16:04:51)
Process Terminated
(16:17:37)
Process Terminated
(16:22:55)
Process Terminated
(16:24:21)
Process Terminated
(16:30:47)
Process Terminated
(17:10:47)
Process Terminated
----07/01/2014 17:11:18 ----
Type: ArgumentOutOfRangeException
Source: mscorlib
Message: Index and count must refer to a location within the string.
Parameter name: count
Target: RemoveInternal
Trace:    at System.String.RemoveInternal(Int32 startIndex, Int32 count)
   at System.String.Remove(Int32 startIndex, Int32 count)
   at MCSharp.CmdHelp.<>c__DisplayClassa.<Use>b__0(Command cmd)
   at System.Collections.Generic.List`1.ForEach(Action`1 action)
   at MCSharp.CmdHelp.Use(Player p, String message)
   at MCSharp.Player.HandleCommand(String cmd, String message)
   at MCSharp.Player.HandleChat(Byte[] message)

-------------------------
----07/01/2014 17:11:24 ----
Type: ArgumentOutOfRangeException
Source: mscorlib
Message: Index and count must refer to a location within the string.
Parameter name: count
Target: RemoveInternal
Trace:    at System.String.RemoveInternal(Int32 startIndex, Int32 count)
   at System.String.Remove(Int32 startIndex, Int32 count)
   at MCSharp.CmdHelp.<>c__DisplayClassa.<Use>b__1(Command cmd)
   at System.Collections.Generic.List`1.ForEach(Action`1 action)
   at MCSharp.CmdHelp.Use(Player p, String message)
   at MCSharp.Player.HandleCommand(String cmd, String message)
   at MCSharp.Player.HandleChat(Byte[] message)

-------------------------
----07/01/2014 17:11:26 ----
Type: ArgumentOutOfRangeException
Source: mscorlib
Message: Index and count must refer to a location within the string.
Parameter name: count
Target: RemoveInternal
Trace:    at System.String.RemoveInternal(Int32 startIndex, Int32 count)
   at System.String.Remove(Int32 startIndex, Int32 count)
   at MCSharp.CmdHelp.<>c__DisplayClassa.<Use>b__3(Command cmd)
   at System.Collections.Generic.List`1.ForEach(Action`1 action)
   at MCSharp.CmdHelp.Use(Player p, String message)
   at MCSharp.Player.HandleCommand(String cmd, String message)
   at MCSharp.Player.HandleChat(Byte[] message)

-------------------------
(17:11:34)
Process Terminated
(17:12:51)
Process Terminated
(17:15:17)
Process Terminated
(17:16:38)
Process Terminated
(17:45:40)
Process Terminated
(17:54:59)
Process Terminated
(17:56:49)
Process Terminated
(17:58:42)
Process Terminated
(18:03:17)
Process Terminated
(18:04:04)
Process Terminated
(18:05:36)
Process Terminated
(18:08:34)
Process Terminated
(18:11:31)
Process Terminated
(18:16:52)
Process Terminated
(18:30:11)
Process Terminated
(18:30:30)
Process Terminated
(18:32:09)
Process Terminated
(19:40:43)
Process Terminated
(19:46:45)
Process Terminated
(19:47:18)
Process Terminated
(19:50:39)
Process Terminated
(19:51:19)
Process Terminated
(19:52:45)
Process Terminated
(19:55:06)
Process Terminated
(19:56:08)
Process Terminated
(20:06:15)
Process Terminated
(20:07:48)
Process Terminated
(20:09:27)
Process Terminated
(20:11:25)
Process Terminated
(20:13:13)
Process Terminated
(20:22:06)
Process Terminated
(20:27:13)
Process Terminated
(20:28:43)
Process Terminated
(20:32:23)
Process Terminated
(20:38:24)
Process Terminated
(22:18:55)
Process Terminated
(22:27:59)
Process Terminated
(22:30:34)
Process Terminated
(22:33:27)
Process Terminated
(22:36:05)
Process Terminated
(22:38:44)
Process Terminated
----07/01/2014 22:39:45 ----
Type: NullReferenceException
Source: MCSharp
Message: Object reference not set to an instance of an object.
Target: GetColor
Trace:    at MCSharp.CmdHelp.GetColor(Command cmd)
   at MCSharp.CmdHelp.<>c__DisplayClassc.<Use>b__4(Command cmd)
   at System.Collections.Generic.List`1.ForEach(Action`1 action)
   at MCSharp.CmdHelp.Use(Player p, String message)
   at MCSharp.Player.HandleCommand(String cmd, String message)
   at MCSharp.Player.HandleChat(Byte[] message)

-------------------------
----07/01/2014 22:39:50 ----
Type: NullReferenceException
Source: MCSharp
Message: Object reference not set to an instance of an object.
Target: GetColor
Trace:    at MCSharp.CmdHelp.GetColor(Command cmd)
   at MCSharp.CmdHelp.<>c__DisplayClassc.<Use>b__1(Command cmd)
   at System.Collections.Generic.List`1.ForEach(Action`1 action)
   at MCSharp.CmdHelp.Use(Player p, String message)
   at MCSharp.Player.HandleCommand(String cmd, String message)
   at MCSharp.Player.HandleChat(Byte[] message)

-------------------------
----07/01/2014 22:40:12 ----
Type: NullReferenceException
Source: MCSharp
Message: Object reference not set to an instance of an object.
Target: GetColor
Trace:    at MCSharp.CmdHelp.GetColor(Command cmd)
   at MCSharp.CmdHelp.<>c__DisplayClassc.<Use>b__4(Command cmd)
   at System.Collections.Generic.List`1.ForEach(Action`1 action)
   at MCSharp.CmdHelp.Use(Player p, String message)
   at MCSharp.Player.HandleCommand(String cmd, String message)
   at MCSharp.Player.HandleChat(Byte[] message)

-------------------------
(22:40:20)
Process Terminated
(22:41:54)
Process Terminated
(22:42:36)
Process Terminated
(22:43:49)
Process Terminated
(22:48:22)
Process Terminated
(22:51:07)
Process Terminated
(22:52:58)
Process Terminated
(22:54:17)
Process Terminated
(22:59:46)
Process Terminated
(23:44:17)
Process Terminated
(23:45:51)
Process Terminated
(23:49:44)
Process Terminated
(00:20:58)
Process Terminated
(17:04:00)
Process Terminated
(17:09:31)
Process Terminated
(17:43:59)
Process Terminated
(17:45:26)
Process Terminated
(19:12:39)
Process Terminated
(19:18:23)
Process Terminated
(19:23:47)
Process Terminated
(19:25:20)
Process Terminated
(19:29:15)
Process Terminated
(19:32:40)
Process Terminated
(19:36:31)
Process Terminated
(19:40:21)
Process Terminated
(19:42:07)
Process Terminated
(19:45:57)
Process Terminated
(19:56:47)
Process Terminated
(19:59:24)
Process Terminated
(20:03:21)
Process Terminated
(20:39:19)
Process Terminated
(20:44:18)
Process Terminated
(20:50:25)
Process Terminated
(20:53:51)
Process Terminated
(21:03:01)
Process Terminated
(21:04:43)
Process Terminated
(21:06:28)
Process Terminated
(21:14:27)
Process Terminated
(21:16:18)
Process Terminated
(21:26:20)
Process Terminated
(22:50:07)
Process Terminated
(22:53:10)
Process Terminated
(23:25:05)
Process Terminated
(23:34:13)
Process Terminated
(00:32:10)
Process Terminated
(01:27:55)
Process Terminated
(01:31:02)
Process Terminated
(01:43:35)
Process Terminated
(01:44:19)
Process Terminated
(01:45:25)
Process Terminated
(01:47:00)
Process Terminated
(01:47:56)
Process Terminated
(01:48:57)
Process Terminated
(01:50:07)
Process Terminated
(01:53:35)
Process Terminated
(02:02:43)
Process Terminated
(02:05:17)
Process Terminated
(17:13:38)
Process Terminated
(17:15:35)
Process Terminated
(17:16:07)
Process Terminated
(17:18:00)
Process Terminated
(17:23:26)
Process Terminated
(17:27:17)
Process Terminated
(17:28:51)
Process Terminated
(20:05:26)
Process Terminated
----09/01/2014 20:12:42 ----
Type: NullReferenceException
Source: MCSharp
Message: Object reference not set to an instance of an object.
Target: GetColor
Trace:    at MCSharp.CmdHelp.GetColor(Command cmd)
   at MCSharp.CmdHelp.<>c__DisplayClassc.<Use>b__4(Command cmd)
   at System.Collections.Generic.List`1.ForEach(Action`1 action)
   at MCSharp.CmdHelp.Use(Player p, String message)
   at MCSharp.Player.HandleCommand(String cmd, String message)
   at MCSharp.Player.HandleChat(Byte[] message)

-------------------------
----09/01/2014 20:12:47 ----
Type: NullReferenceException
Source: MCSharp
Message: Object reference not set to an instance of an object.
Target: GetColor
Trace:    at MCSharp.CmdHelp.GetColor(Command cmd)
   at MCSharp.CmdHelp.<>c__DisplayClassc.<Use>b__1(Command cmd)
   at System.Collections.Generic.List`1.ForEach(Action`1 action)
   at MCSharp.CmdHelp.Use(Player p, String message)
   at MCSharp.Player.HandleCommand(String cmd, String message)
   at MCSharp.Player.HandleChat(Byte[] message)

-------------------------
(20:13:33)
Process Terminated
(20:15:51)
Process Terminated
(20:17:05)
Process Terminated
(20:18:57)
Process Terminated
----09/01/2014 20:21:36 ----
Type: NullReferenceException
Source: MCSharp
Message: Object reference not set to an instance of an object.
Target: GetColor
Trace:    at MCSharp.CmdHelp.GetColor(Command cmd)
   at MCSharp.CmdHelp.<>c__DisplayClassc.<Use>b__0(Command cmd)
   at System.Collections.Generic.List`1.ForEach(Action`1 action)
   at MCSharp.CmdHelp.Use(Player p, String message)
   at MCSharp.Player.HandleCommand(String cmd, String message)
   at MCSharp.Player.HandleChat(Byte[] message)

-------------------------
(20:21:42)
Process Terminated
(20:22:30)
Process Terminated
(20:26:23)
Process Terminated
(21:14:24)
Marvy has triggered a block change error
----09/01/2014 21:14:24 ----
Type: NullReferenceException
Source: MCSharp
Message: Object reference not set to an instance of an object.
Target: <ExplodeTNT>b__11
Trace:    at MCSharp.CTF.<>c__DisplayClass12.<ExplodeTNT>b__11(Player pl)
   at System.Collections.Generic.List`1.ForEach(Action`1 action)
   at MCSharp.CTF.ExplodeTNT(Player p, UInt16 x, UInt16 y, UInt16 z, Int32 radius)
   at MCSharp.Player.placeBlock(Byte b, Byte type, UInt16 x, UInt16 y, UInt16 z)
   at MCSharp.Player.HandleBlockchange(Byte[] message)

-------------------------
(21:14:31)
Process Terminated
(21:17:28)
Process Terminated
(21:32:19)
Process Terminated
(22:26:17)
Process Terminated
(22:33:52)
Process Terminated
----09/01/2014 22:49:00 ----
Type: IndexOutOfRangeException
Source: MCSharp
Message: Index was outside the bounds of the array.
Target: Use
Trace:    at MCSharp.CmdSetRank.Use(Player p, String message)
   at MCSharp.Player.HandleCommand(String cmd, String message)
   at MCSharp.Player.HandleChat(Byte[] message)

-------------------------
----09/01/2014 22:49:10 ----
Type: IndexOutOfRangeException
Source: MCSharp
Message: Index was outside the bounds of the array.
Target: Use
Trace:    at MCSharp.CmdSetRank.Use(Player p, String message)
   at MCSharp.Player.HandleCommand(String cmd, String message)
   at MCSharp.Player.HandleChat(Byte[] message)

-------------------------
(22:49:30)
Process Terminated
(22:55:50)
Process Terminated
(23:02:57)
Process Terminated
(23:11:26)
Process Terminated
----09/01/2014 23:14:40 ----
Type: WebException
Source: System
Message: The remote server returned an error: (502) Bad Gateway.
Target: GetResponse
Trace:    at System.Net.HttpWebRequest.GetResponse()
   at MCSharp.Heartbeat.Pump(Beat type)

-------------------------
(23:15:01)
Process Terminated
(23:25:43)
Process Terminated
(23:41:02)
Process Terminated
(23:55:53)
Process Terminated
(00:00:54)
Process Terminated
(00:03:52)
Process Terminated
(00:06:04)
Process Terminated
(00:12:43)
Process Terminated
(00:29:43)
Process Terminated
----10/01/2014 08:55:54 ----
Type: WebException
Source: MCSharp
Message: Failed during request.GetRequestStream()
Target: Pump
Trace:    at MCSharp.Heartbeat.Pump(Beat type)

-------------------------
----10/01/2014 09:05:16 ----
Type: WebException
Source: MCSharp
Message: Failed during request.GetRequestStream()
Target: Pump
Trace:    at MCSharp.Heartbeat.Pump(Beat type)

-------------------------
(09:10:10)
Process Terminated
----10/01/2014 10:01:46 ----
Type: WebException
Source: MCSharp
Message: Failed during request.GetRequestStream()
Target: Pump
Trace:    at MCSharp.Heartbeat.Pump(Beat type)

-------------------------
(10:15:36)
Process Terminated
----10/01/2014 18:58:51 ----
Type: WebException
Source: MCSharp
Message: Failed during request.GetRequestStream()
Target: Pump
Trace:    at MCSharp.Heartbeat.Pump(Beat type)

-------------------------
(18:59:28)
Process Terminated
----10/01/2014 20:55:24 ----
Type: WebException
Source: MCSharp
Message: Failed during request.GetRequestStream()
Target: Pump
Trace:    at MCSharp.Heartbeat.Pump(Beat type)

-------------------------
----10/01/2014 21:42:21 ----
Type: WebException
Source: MCSharp
Message: Failed during request.GetRequestStream()
Target: Pump
Trace:    at MCSharp.Heartbeat.Pump(Beat type)

-------------------------
----10/01/2014 21:46:40 ----
Type: WebException
Source: MCSharp
Message: Failed during request.GetRequestStream()
Target: Pump
Trace:    at MCSharp.Heartbeat.Pump(Beat type)

-------------------------
----10/01/2014 21:50:58 ----
Type: WebException
Source: MCSharp
Message: Failed during request.GetRequestStream()
Target: Pump
Trace:    at MCSharp.Heartbeat.Pump(Beat type)

-------------------------
----10/01/2014 22:26:47 ----
Type: WebException
Source: MCSharp
Message: Failed during request.GetRequestStream()
Target: Pump
Trace:    at MCSharp.Heartbeat.Pump(Beat type)

-------------------------
----10/01/2014 22:38:13 ----
Type: WebException
Source: MCSharp
Message: Failed during request.GetRequestStream()
Target: Pump
Trace:    at MCSharp.Heartbeat.Pump(Beat type)

-------------------------
----10/01/2014 23:27:16 ----
Type: WebException
Source: MCSharp
Message: Failed during request.GetRequestStream()
Target: Pump
Trace:    at MCSharp.Heartbeat.Pump(Beat type)

-------------------------
----10/01/2014 23:35:38 ----
Type: WebException
Source: MCSharp
Message: Failed during request.GetRequestStream()
Target: Pump
Trace:    at MCSharp.Heartbeat.Pump(Beat type)

-------------------------
----10/01/2014 23:47:02 ----
Type: WebException
Source: MCSharp
Message: Failed during request.GetRequestStream()
Target: Pump
Trace:    at MCSharp.Heartbeat.Pump(Beat type)

-------------------------
----11/01/2014 00:26:50 ----
Type: WebException
Source: MCSharp
Message: Failed during request.GetRequestStream()
Target: Pump
Trace:    at MCSharp.Heartbeat.Pump(Beat type)

-------------------------
(00:40:00)
Process Terminated
(00:42:06)
Process Terminated
(00:44:01)
Process Terminated
(00:46:32)
Process Terminated
(00:47:58)
Process Terminated
(00:49:46)
Process Terminated
(00:50:57)
Process Terminated
(01:23:28)
Process Terminated
(01:25:56)
Process Terminated
(01:27:47)
Process Terminated
(01:32:16)
Process Terminated
(01:34:55)
Process Terminated
(01:38:40)
Process Terminated
(01:40:17)
Process Terminated
(01:41:45)
Process Terminated
(01:43:41)
Process Terminated
(01:48:38)
Process Terminated
(01:48:53)
Process Terminated
(01:59:54)
Process Terminated
(09:36:25)
Process Terminated
(12:11:10)
Process Terminated
(12:40:28)
Process Terminated
(13:29:51)
Process Terminated
(14:16:48)
Process Terminated
(14:21:42)
Process Terminated
(14:36:25)
Process Terminated
(14:41:08)
Process Terminated
(16:13:25)
Process Terminated
(16:14:28)
Process Terminated
(16:21:48)
Process Terminated
(16:23:20)
Process Terminated
(16:33:07)
Process Terminated
(17:28:45)
Process Terminated
(00:21:19)
Process Terminated
(00:22:30)
Process Terminated
(00:43:30)
Process Terminated
(01:11:26)
Process Terminated
----12/01/2014 01:23:09 ----
Type: ArgumentException
Source: mscorlib
Message: Destination array was not long enough. Check destIndex and length, and the array's lower bounds.
Target: Copy
Trace:    at System.Array.Copy(Array sourceArray, Int32 sourceIndex, Array destinationArray, Int32 destinationIndex, Int32 length, Boolean reliable)
   at System.Array.CopyTo(Array array, Int32 index)
   at MCSharp.Player.SendHackControl(Byte allowflying, Byte allownoclip, Byte allowspeeding, Byte allowrespawning, Byte allowthirdperson, Byte allowchangingweather, Int16 maxjumpheight)
   at MCSharp.Player.HandleLogin(Byte[] message)

-------------------------
----12/01/2014 01:37:30 ----
Type: ArgumentException
Source: mscorlib
Message: Destination array was not long enough. Check destIndex and length, and the array's lower bounds.
Target: Copy
Trace:    at System.Array.Copy(Array sourceArray, Int32 sourceIndex, Array destinationArray, Int32 destinationIndex, Int32 length, Boolean reliable)
   at System.Array.CopyTo(Array array, Int32 index)
   at MCSharp.Player.SendHackControl(Byte allowflying, Byte allownoclip, Byte allowspeeding, Byte allowrespawning, Byte allowthirdperson, Byte allowchangingweather, Int16 maxjumpheight)
   at MCSharp.Player.HandleLogin(Byte[] message)

-------------------------
----12/01/2014 01:39:04 ----
Type: ArgumentException
Source: mscorlib
Message: Destination array was not long enough. Check destIndex and length, and the array's lower bounds.
Target: Copy
Trace:    at System.Array.Copy(Array sourceArray, Int32 sourceIndex, Array destinationArray, Int32 destinationIndex, Int32 length, Boolean reliable)
   at System.Array.CopyTo(Array array, Int32 index)
   at MCSharp.Player.SendHackControl(Byte allowflying, Byte allownoclip, Byte allowspeeding, Byte allowrespawning, Byte allowthirdperson, Byte allowchangingweather, Int16 maxjumpheight)
   at MCSharp.Player.HandleLogin(Byte[] message)

-------------------------
----12/01/2014 01:40:13 ----
Type: ArgumentException
Source: mscorlib
Message: Destination array was not long enough. Check destIndex and length, and the array's lower bounds.
Target: Copy
Trace:    at System.Array.Copy(Array sourceArray, Int32 sourceIndex, Array destinationArray, Int32 destinationIndex, Int32 length, Boolean reliable)
   at System.Array.CopyTo(Array array, Int32 index)
   at MCSharp.Player.SendHackControl(Byte allowflying, Byte allownoclip, Byte allowspeeding, Byte allowrespawning, Byte allowthirdperson, Byte allowchangingweather, Int16 maxjumpheight)
   at MCSharp.Player.HandleLogin(Byte[] message)

-------------------------
----12/01/2014 01:43:38 ----
Type: ArgumentException
Source: mscorlib
Message: Destination array was not long enough. Check destIndex and length, and the array's lower bounds.
Target: Copy
Trace:    at System.Array.Copy(Array sourceArray, Int32 sourceIndex, Array destinationArray, Int32 destinationIndex, Int32 length, Boolean reliable)
   at System.Array.CopyTo(Array array, Int32 index)
   at MCSharp.Player.SendHackControl(Byte allowflying, Byte allownoclip, Byte allowspeeding, Byte allowrespawning, Byte allowthirdperson, Byte allowchangingweather, Int16 maxjumpheight)
   at MCSharp.Player.HandleLogin(Byte[] message)

-------------------------
(01:52:06)
Process Terminated
(02:21:07)
Process Terminated
(02:46:46)
Process Terminated
(10:58:40)
Process Terminated
(11:42:06)
Process Terminated
(11:42:31)
Process Terminated
(11:57:23)
Process Terminated
(11:57:31)
Process Terminated
(11:59:16)
Process Terminated
(12:12:51)
Process Terminated
(12:16:47)
Process Terminated
(12:19:28)
Process Terminated
(12:21:20)
Process Terminated
(12:25:31)
Process Terminated
(16:26:04)
Process Terminated
----12/01/2014 16:47:20 ----
Type: NullReferenceException
Source: MCSharp
Message: Object reference not set to an instance of an object.
Target: Use
Trace:    at MCSharp.CmdExtTest.Use(Player p, String message)
   at MCSharp.Player.HandleCommand(String cmd, String message)
   at MCSharp.Player.HandleChat(Byte[] message)

-------------------------
----12/01/2014 16:47:42 ----
Type: IndexOutOfRangeException
Source: MCSharp
Message: Index was outside the bounds of the array.
Target: SendAddPlayerName
Trace:    at MCSharp.Player.SendAddPlayerName(Byte id, String name, String listname, String groupname, Byte grouprank)
   at MCSharp.CmdExtTest.Use(Player p, String message)
   at MCSharp.Player.HandleCommand(String cmd, String message)
   at MCSharp.Player.HandleChat(Byte[] message)

-------------------------
----12/01/2014 16:48:42 ----
Type: IndexOutOfRangeException
Source: MCSharp
Message: Index was outside the bounds of the array.
Target: SendAddPlayerName
Trace:    at MCSharp.Player.SendAddPlayerName(Byte id, String name, String listname, String groupname, Byte grouprank)
   at MCSharp.CmdExtTest.Use(Player p, String message)
   at MCSharp.Player.HandleCommand(String cmd, String message)
   at MCSharp.Player.HandleChat(Byte[] message)

-------------------------
(16:48:50)
Process Terminated
(16:50:13)
Process Terminated
(16:52:08)
Process Terminated
(16:54:17)
Process Terminated
(16:55:20)
Process Terminated
(16:56:46)
Process Terminated
(17:28:42)
Process Terminated
(17:31:26)
Process Terminated
(17:35:03)
Process Terminated
(17:38:52)
Process Terminated
(17:39:39)
Process Terminated
(17:40:25)
Process Terminated
(17:41:30)
Process Terminated
(20:11:45)
Process Terminated
(20:12:45)
Process Terminated
(20:14:26)
Process Terminated
(20:23:00)
Process Terminated
(20:24:13)
Process Terminated
(20:26:23)
Process Terminated
(20:27:05)
Process Terminated
----12/01/2014 20:41:28 ----
Type: WebException
Source: MCSharp
Message: Failed during request.GetRequestStream()
Target: Pump
Trace:    at MCSharp.Heartbeat.Pump(Beat type)

-------------------------
(21:06:18)
Process Terminated
(22:20:38)
Process Terminated
(01:16:24)
Process Terminated
(01:18:04)
Process Terminated
(01:19:32)
Process Terminated
(01:31:06)
Process Terminated
(01:58:45)
X_CraftHo_X has triggered a block change error
----13/01/2014 01:58:45 ----
Type: NullReferenceException
Source: MCSharp
Message: Object reference not set to an instance of an object.
Target: SpawnPlayer
Trace:    at MCSharp.Team.SpawnPlayer(Player p)
   at MCSharp.CTF.<>c__DisplayClass13.<ExplodeTNT>b__12(Player pl)
   at System.Collections.Generic.List`1.ForEach(Action`1 action)
   at MCSharp.CTF.ExplodeTNT(Player p, UInt16 x, UInt16 y, UInt16 z, Int32 radius)
   at MCSharp.Player.placeBlock(Byte b, Byte type, UInt16 x, UInt16 y, UInt16 z)
   at MCSharp.Player.HandleBlockchange(Byte[] message)

-------------------------
----13/01/2014 03:48:36 ----
Type: InvalidOperationException
Source: mscorlib
Message: Collection was modified; enumeration operation may not execute.
Target: ThrowInvalidOperationException
Trace:    at System.ThrowHelper.ThrowInvalidOperationException(ExceptionResource resource)
   at System.Collections.Generic.List`1.Enumerator.MoveNextRare()
   at System.Collections.Generic.List`1.Enumerator.MoveNext()
   at MCSharp.CmdUnload.Use(Player p, String message)
   at MCSharp.Player.HandleCommand(String cmd, String message)
   at MCSharp.Player.HandleChat(Byte[] message)

-------------------------
(07:04:11)
Process Terminated
(07:05:06)
Process Terminated
----13/01/2014 07:13:39 ----
Type: DivideByZeroException
Source: MCSharp
Message: Attempted to divide by zero.
Target: Use
Trace:    at MCSharp.CmdGoto.Use(Player p, String message)
   at MCSharp.Player.HandleCommand(String cmd, String message)
   at MCSharp.Player.HandleChat(Byte[] message)

-------------------------
----13/01/2014 07:13:57 ----
Type: DivideByZeroException
Source: MCSharp
Message: Attempted to divide by zero.
Target: Use
Trace:    at MCSharp.CmdGoto.Use(Player p, String message)
   at MCSharp.CmdUnload.<>c__DisplayClass8.<Use>b__3(Player pl)
   at System.Collections.Generic.List`1.ForEach(Action`1 action)
   at MCSharp.CmdUnload.Use(Player p, String message)
   at MCSharp.Player.HandleCommand(String cmd, String message)
   at MCSharp.Player.HandleChat(Byte[] message)

-------------------------
----13/01/2014 07:13:58 ----
Type: DivideByZeroException
Source: MCSharp
Message: Attempted to divide by zero.
Target: Use
Trace:    at MCSharp.CmdGoto.Use(Player p, String message)
   at MCSharp.Player.HandleCommand(String cmd, String message)
   at MCSharp.Player.HandleChat(Byte[] message)

-------------------------
----13/01/2014 07:14:05 ----
Type: DivideByZeroException
Source: MCSharp
Message: Attempted to divide by zero.
Target: Use
Trace:    at MCSharp.CmdGoto.Use(Player p, String message)
   at MCSharp.Player.HandleCommand(String cmd, String message)
   at MCSharp.Player.HandleChat(Byte[] message)

-------------------------
----13/01/2014 07:17:24 ----
Type: DivideByZeroException
Source: MCSharp
Message: Attempted to divide by zero.
Target: Use
Trace:    at MCSharp.CmdGoto.Use(Player p, String message)
   at MCSharp.Player.HandleCommand(String cmd, String message)
   at MCSharp.Player.HandleChat(Byte[] message)

-------------------------
----13/01/2014 07:17:43 ----
Type: DivideByZeroException
Source: MCSharp
Message: Attempted to divide by zero.
Target: Use
Trace:    at MCSharp.CmdGoto.Use(Player p, String message)
   at MCSharp.CmdGoto.Use(Player p, String message)
   at MCSharp.Player.HandleCommand(String cmd, String message)
   at MCSharp.Player.HandleChat(Byte[] message)

-------------------------
(07:24:21)
Process Terminated
----13/01/2014 07:50:09 ----
Type: DivideByZeroException
Source: MCSharp
Message: Attempted to divide by zero.
Target: Use
Trace:    at MCSharp.CmdGoto.Use(Player p, String message)
   at MCSharp.Player.HandleCommand(String cmd, String message)
   at MCSharp.Player.HandleChat(Byte[] message)

-------------------------
----13/01/2014 07:51:05 ----
Type: DivideByZeroException
Source: MCSharp
Message: Attempted to divide by zero.
Target: Use
Trace:    at MCSharp.CmdGoto.Use(Player p, String message)
   at MCSharp.Player.HandleCommand(String cmd, String message)
   at MCSharp.Player.HandleChat(Byte[] message)

-------------------------
----13/01/2014 07:52:11 ----
Type: DivideByZeroException
Source: MCSharp
Message: Attempted to divide by zero.
Target: Use
Trace:    at MCSharp.CmdGoto.Use(Player p, String message)
   at MCSharp.Player.HandleCommand(String cmd, String message)
   at MCSharp.Player.HandleChat(Byte[] message)

-------------------------
----13/01/2014 08:00:25 ----
Type: InvalidOperationException
Source: mscorlib
Message: Collection was modified; enumeration operation may not execute.
Target: ThrowInvalidOperationException
Trace:    at System.ThrowHelper.ThrowInvalidOperationException(ExceptionResource resource)
   at System.Collections.Generic.List`1.Enumerator.MoveNextRare()
   at System.Collections.Generic.List`1.Enumerator.MoveNext()
   at MCSharp.CmdUnload.Use(Player p, String message)
   at MCSharp.Player.HandleCommand(String cmd, String message)
   at MCSharp.Player.HandleChat(Byte[] message)

-------------------------
----13/01/2014 08:00:48 ----
Type: InvalidOperationException
Source: mscorlib
Message: Collection was modified; enumeration operation may not execute.
Target: ThrowInvalidOperationException
Trace:    at System.ThrowHelper.ThrowInvalidOperationException(ExceptionResource resource)
   at System.Collections.Generic.List`1.Enumerator.MoveNextRare()
   at System.Collections.Generic.List`1.Enumerator.MoveNext()
   at MCSharp.CmdUnload.Use(Player p, String message)
   at MCSharp.Player.HandleCommand(String cmd, String message)
   at MCSharp.Player.HandleChat(Byte[] message)

-------------------------
----13/01/2014 08:01:06 ----
Type: DivideByZeroException
Source: MCSharp
Message: Attempted to divide by zero.
Target: Use
Trace:    at MCSharp.CmdGoto.Use(Player p, String message)
   at MCSharp.Player.HandleCommand(String cmd, String message)
   at MCSharp.Player.HandleChat(Byte[] message)

-------------------------
----13/01/2014 08:01:27 ----
Type: DivideByZeroException
Source: MCSharp
Message: Attempted to divide by zero.
Target: Use
Trace:    at MCSharp.CmdGoto.Use(Player p, String message)
   at MCSharp.Player.HandleCommand(String cmd, String message)
   at MCSharp.Player.HandleChat(Byte[] message)

-------------------------
----13/01/2014 08:01:45 ----
Type: DivideByZeroException
Source: MCSharp
Message: Attempted to divide by zero.
Target: Use
Trace:    at MCSharp.CmdGoto.Use(Player p, String message)
   at MCSharp.Player.HandleCommand(String cmd, String message)
   at MCSharp.Player.HandleChat(Byte[] message)

-------------------------
----13/01/2014 08:01:58 ----
Type: DivideByZeroException
Source: MCSharp
Message: Attempted to divide by zero.
Target: Use
Trace:    at MCSharp.CmdGoto.Use(Player p, String message)
   at MCSharp.Player.HandleCommand(String cmd, String message)
   at MCSharp.Player.HandleChat(Byte[] message)

-------------------------
----13/01/2014 08:02:21 ----
Type: DivideByZeroException
Source: MCSharp
Message: Attempted to divide by zero.
Target: Use
Trace:    at MCSharp.CmdGoto.Use(Player p, String message)
   at MCSharp.Player.HandleCommand(String cmd, String message)
   at MCSharp.Player.HandleChat(Byte[] message)

-------------------------
----13/01/2014 08:02:28 ----
Type: DivideByZeroException
Source: MCSharp
Message: Attempted to divide by zero.
Target: Use
Trace:    at MCSharp.CmdGoto.Use(Player p, String message)
   at MCSharp.Player.HandleCommand(String cmd, String message)
   at MCSharp.Player.HandleChat(Byte[] message)

-------------------------
----13/01/2014 08:03:32 ----
Type: DivideByZeroException
Source: MCSharp
Message: Attempted to divide by zero.
Target: Use
Trace:    at MCSharp.CmdGoto.Use(Player p, String message)
   at MCSharp.Player.HandleCommand(String cmd, String message)
   at MCSharp.Player.HandleChat(Byte[] message)

-------------------------
----13/01/2014 08:03:38 ----
Type: DivideByZeroException
Source: MCSharp
Message: Attempted to divide by zero.
Target: Use
Trace:    at MCSharp.CmdGoto.Use(Player p, String message)
   at MCSharp.Player.HandleCommand(String cmd, String message)
   at MCSharp.Player.HandleChat(Byte[] message)

-------------------------
----13/01/2014 08:04:06 ----
Type: DivideByZeroException
Source: MCSharp
Message: Attempted to divide by zero.
Target: Use
Trace:    at MCSharp.CmdGoto.Use(Player p, String message)
   at MCSharp.Player.HandleCommand(String cmd, String message)
   at MCSharp.Player.HandleChat(Byte[] message)

-------------------------
(18:52:19)
Process Terminated
----13/01/2014 23:31:14 ----
Type: DivideByZeroException
Source: MCSharp
Message: Attempted to divide by zero.
Target: Use
Trace:    at MCSharp.CmdGoto.Use(Player p, String message)
   at MCSharp.Player.HandleCommand(String cmd, String message)
   at MCSharp.Player.HandleChat(Byte[] message)

-------------------------
----13/01/2014 23:31:28 ----
Type: DivideByZeroException
Source: MCSharp
Message: Attempted to divide by zero.
Target: Use
Trace:    at MCSharp.CmdGoto.Use(Player p, String message)
   at MCSharp.Player.HandleCommand(String cmd, String message)
   at MCSharp.Player.HandleChat(Byte[] message)

-------------------------
(23:40:48)
Process Terminated
(23:53:39)
Process Terminated
(23:58:03)
Process Terminated
(23:59:41)
Process Terminated
(00:43:23)
Process Terminated
(00:56:59)
Process Terminated
(00:59:06)
Process Terminated
(01:09:17)
Process Terminated
(05:53:56)
Process Terminated
(23:16:53)
Process Terminated
(23:25:59)
Process Terminated
(23:27:22)
Process Terminated
(23:29:35)
Process Terminated
(23:48:25)
Process Terminated
(23:55:42)
Process Terminated
----15/01/2014 00:12:40 ----
Type: IndexOutOfRangeException
Source: MCSharp
Message: Index was outside the bounds of the array.
Target: Use
Trace:    at MCSharp.CmdEnvironment.Use(Player p, String message)
   at MCSharp.Player.HandleCommand(String cmd, String message)
   at MCSharp.Player.HandleChat(Byte[] message)

-------------------------
(00:26:34)
Process Terminated
(01:07:28)
Process Terminated
(01:11:10)
Process Terminated
(01:16:09)
Process Terminated
(06:57:20)
Process Terminated
(07:03:38)
Process Terminated
(07:17:00)
Process Terminated
(18:51:58)
Process Terminated
(20:16:03)
Process Terminated
(22:49:07)
Process Terminated
(19:08:44)
Process Terminated
(18:21:31)
Process Terminated
(18:32:06)
Process Terminated
(21:54:10)
Process Terminated
----25/01/2014 22:03:32 ----
Type: IndexOutOfRangeException
Source: MCSharp
Message: Index was outside the bounds of the array.
Target: Use
Trace:    at MCSharp.CmdEnvironment.Use(Player p, String message)
   at MCSharp.Player.HandleCommand(String cmd, String message)
   at MCSharp.Player.HandleChat(Byte[] message)

-------------------------
----25/01/2014 22:05:37 ----
Type: InvalidOperationException
Source: mscorlib
Message: Collection was modified; enumeration operation may not execute.
Target: ThrowInvalidOperationException
Trace:    at System.ThrowHelper.ThrowInvalidOperationException(ExceptionResource resource)
   at System.Collections.Generic.List`1.Enumerator.MoveNextRare()
   at System.Collections.Generic.List`1.Enumerator.MoveNext()
   at MCSharp.CmdUnload.Use(Player p, String message)
   at MCSharp.Player.HandleCommand(String cmd, String message)
   at MCSharp.Player.HandleChat(Byte[] message)

-------------------------
----25/01/2014 22:05:44 ----
Type: InvalidOperationException
Source: mscorlib
Message: Collection was modified; enumeration operation may not execute.
Target: ThrowInvalidOperationException
Trace:    at System.ThrowHelper.ThrowInvalidOperationException(ExceptionResource resource)
   at System.Collections.Generic.List`1.Enumerator.MoveNextRare()
   at System.Collections.Generic.List`1.Enumerator.MoveNext()
   at MCSharp.CmdUnload.Use(Player p, String message)
   at MCSharp.Player.HandleCommand(String cmd, String message)
   at MCSharp.Player.HandleChat(Byte[] message)

-------------------------
----25/01/2014 22:05:48 ----
Type: InvalidOperationException
Source: mscorlib
Message: Collection was modified; enumeration operation may not execute.
Target: ThrowInvalidOperationException
Trace:    at System.ThrowHelper.ThrowInvalidOperationException(ExceptionResource resource)
   at System.Collections.Generic.List`1.Enumerator.MoveNextRare()
   at System.Collections.Generic.List`1.Enumerator.MoveNext()
   at MCSharp.CmdUnload.Use(Player p, String message)
   at MCSharp.Player.HandleCommand(String cmd, String message)
   at MCSharp.Player.HandleChat(Byte[] message)

-------------------------
(22:06:47)
Process Terminated
(22:12:58)
Process Terminated
(22:18:48)
Process Terminated
(22:20:56)
Process Terminated
(22:22:27)
Process Terminated
(22:26:15)
Process Terminated
(22:28:36)
Process Terminated
(22:42:27)
Process Terminated
(23:14:30)
Process Terminated
(09:57:37)
Process Terminated
(10:01:01)
Process Terminated
(10:02:13)
Process Terminated
(10:05:14)
Process Terminated
(10:06:03)
Process Terminated
(10:06:41)
Process Terminated
(10:07:00)
Process Terminated
(10:07:49)
Process Terminated
(10:09:27)
Process Terminated
(10:09:50)
Process Terminated
(10:15:29)
Process Terminated
(10:16:52)
Process Terminated
(10:58:11)
Process Terminated
(11:05:51)
Process Terminated
(11:13:46)
Process Terminated
(11:45:31)
Process Terminated
(11:47:56)
Process Terminated
(11:57:57)
Process Terminated
(12:00:04)
Process Terminated
(12:01:49)
Process Terminated
(12:03:27)
Process Terminated
(12:08:21)
Process Terminated
(12:10:46)
Process Terminated
(12:14:33)
Process Terminated
(14:13:51)
Process Terminated
(14:14:56)
Process Terminated
(14:17:27)
Process Terminated
(15:29:38)
Process Terminated
(17:45:51)
Process Terminated
(17:51:57)
Process Terminated
(23:07:01)
Process Terminated
(23:48:47)
Process Terminated
(00:18:37)
Process Terminated
(00:22:27)
Process Terminated
(21:08:00)
Process Terminated
(21:12:02)
Process Terminated
(21:21:21)
Process Terminated
(22:43:04)
Process Terminated
(06:56:28)
Process Terminated
(07:12:58)
Process Terminated
(18:56:03)
Process Terminated
(19:02:54)
Process Terminated
(19:18:06)
Process Terminated
(19:24:13)
Process Terminated
(19:27:26)
Process Terminated
(19:29:37)
Process Terminated
(19:33:45)
Process Terminated
(19:36:09)
Process Terminated
(21:44:17)
Process Terminated
(21:46:22)
Process Terminated
(22:05:35)
Process Terminated
(22:38:56)
Process Terminated
(07:27:00)
Process Terminated
(17:59:10)
Process Terminated
(18:14:11)
Process Terminated
(22:05:08)
Process Terminated
(22:23:31)
Process Terminated
(22:32:18)
Process Terminated
(22:38:09)
Process Terminated
(23:23:30)
Process Terminated
(19:09:49)
Process Terminated
(21:25:43)
Process Terminated
(22:37:55)
Process Terminated
(20:38:05)
Process Terminated
(00:24:36)
Process Terminated
(09:55:30)
Process Terminated
(10:00:09)
Process Terminated
(10:02:25)
Process Terminated
(15:30:43)
Process Terminated
(13:08:56)
Process Terminated
----02/02/2014 13:10:06 ----
Type: NullReferenceException
Source: Overv
Message: Object reference not set to an instance of an object.
Target: Use
Trace:    at Overv.CmdWhois.Use(Player p, String message)
   at Overv.Player.HandleCommand(String cmd, String message)
   at Overv.Player.HandleChat(Byte[] message)

-------------------------
(13:26:32)
Process Terminated
